[12/23/2022 10:04:20.725]: Converting project file ErpNet.FP.Setup.wixproj...
[12/23/2022 10:04:20.804]: C:\Code\github\ErpNet.FP\ErpNet.FP.Setup\ErpNet.FP.Setup.wixproj(37,6): Unrecognized WixExtension WixUIExtension.
[12/23/2022 10:04:20.804]: C:\Code\github\ErpNet.FP\ErpNet.FP.Setup\ErpNet.FP.Setup.wixproj(41,6): Unrecognized WixExtension WixUtilExtension.
[12/23/2022 10:04:21.554]: Warning: Did not find any valid version of package 'WixToolset.Heat' on NuGet package source 'https://api.nuget.org/v3/index.json'. Using default version 4.0.0-rc.1.
[12/23/2022 10:04:21.744]: Warning: Did not find any valid version of package 'WixToolset.Sdk' on NuGet package source 'https://api.nuget.org/v3/index.json'. Using default version 4.0.0-rc.1.
[12/23/2022 10:04:21.759]: Converting file: C:\Code\github\ErpNet.FP\ErpNet.FP.Setup\Product.wxs...
[12/23/2022 10:04:21.778]: C:\Code\github\ErpNet.FP\ErpNet.FP.Setup\Product.wxs : information WIX0005: [Converted] This file contains an XML declaration on the first line. (DeclarationPresent)
[12/23/2022 10:04:21.779]: C:\Code\github\ErpNet.FP\ErpNet.FP.Setup\Product.wxs(1) : information WIX0009: [Converted] The namespace 'http://schemas.microsoft.com/wix/2006/wi' is out of date. It must be 'http://wixtoolset.org/schemas/v4/wxs'. (XmlnsValueWrong)
[12/23/2022 10:04:21.779]: C:\Code\github\ErpNet.FP\ErpNet.FP.Setup\Product.wxs(1) : information WIX0009: [Converted] The namespace 'http://schemas.microsoft.com/wix/UtilExtension' is out of date. It must be 'http://wixtoolset.org/schemas/v4/wxs/util'. (XmlnsValueWrong)
[12/23/2022 10:04:21.779]: C:\Code\github\ErpNet.FP\ErpNet.FP.Setup\Product.wxs(2) : information WIX0023: [Converted] Using '*' for the Product Id attribute is unnecessary. Remove the attribute to remove the redundancy. (AutoGuidUnnecessary)
[12/23/2022 10:04:21.779]: C:\Code\github\ErpNet.FP\ErpNet.FP.Setup\Product.wxs(2) : information WIX0030: [Converted] The Product and Package elements have been renamed and reorganized for simplicity. (ProductAndPackageRenamed)
[12/23/2022 10:04:21.779]: C:\Code\github\ErpNet.FP\ErpNet.FP.Setup\Product.wxs : information WIX0060: [Converted] UI, custom action, and property reference WixUI_Minimal has been replaced with strongly-typed element. (ReferencesReplaced)
[12/23/2022 10:04:21.779]: C:\Code\github\ErpNet.FP\ErpNet.FP.Setup\Product.wxs(9) : information WIX0022: [Converted] Using Publish element text is deprecated. Use the 'Condition' attribute instead. (InnerTextDeprecated)
[12/23/2022 10:04:21.779]: C:\Code\github\ErpNet.FP\ErpNet.FP.Setup\Product.wxs(9) : information WIX0026: [Converted] Adding Condition='1' on Publish elements is no longer necessary. Remove the Condition attribute. (PublishConditionOneUnnecessary)
[12/23/2022 10:04:21.779]: C:\Code\github\ErpNet.FP\ErpNet.FP.Setup\Product.wxs(10) : information WIX0022: [Converted] Using Publish element text is deprecated. Use the 'Condition' attribute instead. (InnerTextDeprecated)
[12/23/2022 10:04:21.779]: C:\Code\github\ErpNet.FP\ErpNet.FP.Setup\Product.wxs : information WIX0058: [Converted] The TARGETDIR directory should no longer be explicitly defined. Remove the Directory element with Id attribute 'TARGETDIR'. (TargetDirDeprecated)
[12/23/2022 10:04:21.779]: C:\Code\github\ErpNet.FP\ErpNet.FP.Setup\Product.wxs(21) : information WIX0059: [Converted] Standard directories such as 'ProgramFilesFolder' should no longer be defined using the Directory element. Use the StandardDirectory element instead. (DefiningStandardDirectoryDeprecated)
[12/23/2022 10:04:21.779]: C:\Code\github\ErpNet.FP\ErpNet.FP.Setup\Product.wxs(25) : information WIX0059: [Converted] Standard directories such as 'ProgramMenuFolder' should no longer be defined using the Directory element. Use the StandardDirectory element instead. (DefiningStandardDirectoryDeprecated)
[12/23/2022 10:04:21.779]: C:\Code\github\ErpNet.FP\ErpNet.FP.Setup\Product.wxs(27) : information WIX0059: [Converted] Standard directories such as 'DesktopFolder' should no longer be defined using the Directory element. Use the StandardDirectory element instead. (DefiningStandardDirectoryDeprecated)
[12/23/2022 10:04:21.779]: C:\Code\github\ErpNet.FP\ErpNet.FP.Setup\Product.wxs(32) : information WIX0023: [Converted] Using '*' for the Component Guid attribute is unnecessary. Remove the attribute to remove the redundancy. (AutoGuidUnnecessary)
[12/23/2022 10:04:21.779]: C:\Code\github\ErpNet.FP\ErpNet.FP.Setup\Product.wxs(33) : information WIX0012: [Converted] The file id is being updated to 'favicon.ico' to ensure it remains the same as the v3 default (AssignAnonymousFileId)
[12/23/2022 10:04:21.779]: Converting file: C:\Code\github\ErpNet.FP\ErpNet.FP.Setup\ProductInstallFiles.wxs...
[12/23/2022 10:04:21.793]: C:\Code\github\ErpNet.FP\ErpNet.FP.Setup\ProductInstallFiles.wxs : information WIX0005: [Converted] This file contains an XML declaration on the first line. (DeclarationPresent)
[12/23/2022 10:04:21.793]: C:\Code\github\ErpNet.FP\ErpNet.FP.Setup\ProductInstallFiles.wxs(1) : information WIX0009: [Converted] The namespace 'http://schemas.microsoft.com/wix/2006/wi' is out of date. It must be 'http://wixtoolset.org/schemas/v4/wxs'. (XmlnsValueWrong)
[12/23/2022 10:04:21.793]: C:\Code\github\ErpNet.FP\ErpNet.FP.Setup\ProductInstallFiles.wxs(9) : information WIX0023: [Converted] Using '*' for the Component Guid attribute is unnecessary. Remove the attribute to remove the redundancy. (AutoGuidUnnecessary)
[12/23/2022 10:04:21.793]: C:\Code\github\ErpNet.FP\ErpNet.FP.Setup\ProductInstallFiles.wxs(12) : information WIX0023: [Converted] Using '*' for the Component Guid attribute is unnecessary. Remove the attribute to remove the redundancy. (AutoGuidUnnecessary)
[12/23/2022 10:04:21.793]: C:\Code\github\ErpNet.FP\ErpNet.FP.Setup\ProductInstallFiles.wxs(15) : information WIX0023: [Converted] Using '*' for the Component Guid attribute is unnecessary. Remove the attribute to remove the redundancy. (AutoGuidUnnecessary)
[12/23/2022 10:04:21.793]: C:\Code\github\ErpNet.FP\ErpNet.FP.Setup\ProductInstallFiles.wxs(18) : information WIX0023: [Converted] Using '*' for the Component Guid attribute is unnecessary. Remove the attribute to remove the redundancy. (AutoGuidUnnecessary)
[12/23/2022 10:04:21.793]: C:\Code\github\ErpNet.FP\ErpNet.FP.Setup\ProductInstallFiles.wxs(21) : information WIX0023: [Converted] Using '*' for the Component Guid attribute is unnecessary. Remove the attribute to remove the redundancy. (AutoGuidUnnecessary)
[12/23/2022 10:04:21.793]: C:\Code\github\ErpNet.FP\ErpNet.FP.Setup\ProductInstallFiles.wxs(24) : information WIX0023: [Converted] Using '*' for the Component Guid attribute is unnecessary. Remove the attribute to remove the redundancy. (AutoGuidUnnecessary)
[12/23/2022 10:04:21.803]: C:\Code\github\ErpNet.FP\ErpNet.FP.Setup\ProductInstallFiles.wxs(27) : information WIX0023: [Converted] Using '*' for the Component Guid attribute is unnecessary. Remove the attribute to remove the redundancy. (AutoGuidUnnecessary)
[12/23/2022 10:04:21.803]: C:\Code\github\ErpNet.FP\ErpNet.FP.Setup\ProductInstallFiles.wxs(30) : information WIX0023: [Converted] Using '*' for the Component Guid attribute is unnecessary. Remove the attribute to remove the redundancy. (AutoGuidUnnecessary)
[12/23/2022 10:04:21.803]: C:\Code\github\ErpNet.FP\ErpNet.FP.Setup\ProductInstallFiles.wxs(33) : information WIX0023: [Converted] Using '*' for the Component Guid attribute is unnecessary. Remove the attribute to remove the redundancy. (AutoGuidUnnecessary)
[12/23/2022 10:04:21.803]: C:\Code\github\ErpNet.FP\ErpNet.FP.Setup\ProductInstallFiles.wxs(36) : information WIX0023: [Converted] Using '*' for the Component Guid attribute is unnecessary. Remove the attribute to remove the redundancy. (AutoGuidUnnecessary)
[12/23/2022 10:04:21.803]: C:\Code\github\ErpNet.FP\ErpNet.FP.Setup\ProductInstallFiles.wxs(39) : information WIX0023: [Converted] Using '*' for the Component Guid attribute is unnecessary. Remove the attribute to remove the redundancy. (AutoGuidUnnecessary)
[12/23/2022 10:04:21.803]: C:\Code\github\ErpNet.FP\ErpNet.FP.Setup\ProductInstallFiles.wxs(42) : information WIX0023: [Converted] Using '*' for the Component Guid attribute is unnecessary. Remove the attribute to remove the redundancy. (AutoGuidUnnecessary)
[12/23/2022 10:04:21.803]: C:\Code\github\ErpNet.FP\ErpNet.FP.Setup\ProductInstallFiles.wxs(45) : information WIX0023: [Converted] Using '*' for the Component Guid attribute is unnecessary. Remove the attribute to remove the redundancy. (AutoGuidUnnecessary)
[12/23/2022 10:04:21.803]: C:\Code\github\ErpNet.FP\ErpNet.FP.Setup\ProductInstallFiles.wxs(48) : information WIX0023: [Converted] Using '*' for the Component Guid attribute is unnecessary. Remove the attribute to remove the redundancy. (AutoGuidUnnecessary)
[12/23/2022 10:04:21.803]: C:\Code\github\ErpNet.FP\ErpNet.FP.Setup\ProductInstallFiles.wxs(51) : information WIX0023: [Converted] Using '*' for the Component Guid attribute is unnecessary. Remove the attribute to remove the redundancy. (AutoGuidUnnecessary)
[12/23/2022 10:04:21.803]: C:\Code\github\ErpNet.FP\ErpNet.FP.Setup\ProductInstallFiles.wxs(54) : information WIX0023: [Converted] Using '*' for the Component Guid attribute is unnecessary. Remove the attribute to remove the redundancy. (AutoGuidUnnecessary)
[12/23/2022 10:04:21.803]: C:\Code\github\ErpNet.FP\ErpNet.FP.Setup\ProductInstallFiles.wxs(57) : information WIX0023: [Converted] Using '*' for the Component Guid attribute is unnecessary. Remove the attribute to remove the redundancy. (AutoGuidUnnecessary)
[12/23/2022 10:04:21.803]: C:\Code\github\ErpNet.FP\ErpNet.FP.Setup\ProductInstallFiles.wxs(60) : information WIX0023: [Converted] Using '*' for the Component Guid attribute is unnecessary. Remove the attribute to remove the redundancy. (AutoGuidUnnecessary)
[12/23/2022 10:04:21.803]: C:\Code\github\ErpNet.FP\ErpNet.FP.Setup\ProductInstallFiles.wxs(63) : information WIX0023: [Converted] Using '*' for the Component Guid attribute is unnecessary. Remove the attribute to remove the redundancy. (AutoGuidUnnecessary)
[12/23/2022 10:04:21.803]: C:\Code\github\ErpNet.FP\ErpNet.FP.Setup\ProductInstallFiles.wxs(66) : information WIX0023: [Converted] Using '*' for the Component Guid attribute is unnecessary. Remove the attribute to remove the redundancy. (AutoGuidUnnecessary)
[12/23/2022 10:04:21.803]: C:\Code\github\ErpNet.FP\ErpNet.FP.Setup\ProductInstallFiles.wxs(69) : information WIX0023: [Converted] Using '*' for the Component Guid attribute is unnecessary. Remove the attribute to remove the redundancy. (AutoGuidUnnecessary)
[12/23/2022 10:04:21.803]: C:\Code\github\ErpNet.FP\ErpNet.FP.Setup\ProductInstallFiles.wxs(72) : information WIX0023: [Converted] Using '*' for the Component Guid attribute is unnecessary. Remove the attribute to remove the redundancy. (AutoGuidUnnecessary)
[12/23/2022 10:04:21.803]: C:\Code\github\ErpNet.FP\ErpNet.FP.Setup\ProductInstallFiles.wxs(75) : information WIX0023: [Converted] Using '*' for the Component Guid attribute is unnecessary. Remove the attribute to remove the redundancy. (AutoGuidUnnecessary)
[12/23/2022 10:04:21.803]: C:\Code\github\ErpNet.FP\ErpNet.FP.Setup\ProductInstallFiles.wxs(78) : information WIX0023: [Converted] Using '*' for the Component Guid attribute is unnecessary. Remove the attribute to remove the redundancy. (AutoGuidUnnecessary)
[12/23/2022 10:04:21.803]: C:\Code\github\ErpNet.FP\ErpNet.FP.Setup\ProductInstallFiles.wxs(81) : information WIX0023: [Converted] Using '*' for the Component Guid attribute is unnecessary. Remove the attribute to remove the redundancy. (AutoGuidUnnecessary)
[12/23/2022 10:04:21.803]: C:\Code\github\ErpNet.FP\ErpNet.FP.Setup\ProductInstallFiles.wxs(84) : information WIX0023: [Converted] Using '*' for the Component Guid attribute is unnecessary. Remove the attribute to remove the redundancy. (AutoGuidUnnecessary)
[12/23/2022 10:04:21.803]: C:\Code\github\ErpNet.FP\ErpNet.FP.Setup\ProductInstallFiles.wxs(87) : information WIX0023: [Converted] Using '*' for the Component Guid attribute is unnecessary. Remove the attribute to remove the redundancy. (AutoGuidUnnecessary)
[12/23/2022 10:04:21.803]: C:\Code\github\ErpNet.FP\ErpNet.FP.Setup\ProductInstallFiles.wxs(90) : information WIX0023: [Converted] Using '*' for the Component Guid attribute is unnecessary. Remove the attribute to remove the redundancy. (AutoGuidUnnecessary)
[12/23/2022 10:04:21.803]: C:\Code\github\ErpNet.FP\ErpNet.FP.Setup\ProductInstallFiles.wxs(93) : information WIX0023: [Converted] Using '*' for the Component Guid attribute is unnecessary. Remove the attribute to remove the redundancy. (AutoGuidUnnecessary)
[12/23/2022 10:04:21.804]: C:\Code\github\ErpNet.FP\ErpNet.FP.Setup\ProductInstallFiles.wxs(96) : information WIX0023: [Converted] Using '*' for the Component Guid attribute is unnecessary. Remove the attribute to remove the redundancy. (AutoGuidUnnecessary)
[12/23/2022 10:04:21.804]: C:\Code\github\ErpNet.FP\ErpNet.FP.Setup\ProductInstallFiles.wxs(99) : information WIX0023: [Converted] Using '*' for the Component Guid attribute is unnecessary. Remove the attribute to remove the redundancy. (AutoGuidUnnecessary)
[12/23/2022 10:04:21.804]: C:\Code\github\ErpNet.FP\ErpNet.FP.Setup\ProductInstallFiles.wxs(102) : information WIX0023: [Converted] Using '*' for the Component Guid attribute is unnecessary. Remove the attribute to remove the redundancy. (AutoGuidUnnecessary)
[12/23/2022 10:04:21.804]: C:\Code\github\ErpNet.FP\ErpNet.FP.Setup\ProductInstallFiles.wxs(105) : information WIX0023: [Converted] Using '*' for the Component Guid attribute is unnecessary. Remove the attribute to remove the redundancy. (AutoGuidUnnecessary)
[12/23/2022 10:04:21.804]: C:\Code\github\ErpNet.FP\ErpNet.FP.Setup\ProductInstallFiles.wxs(108) : information WIX0023: [Converted] Using '*' for the Component Guid attribute is unnecessary. Remove the attribute to remove the redundancy. (AutoGuidUnnecessary)
[12/23/2022 10:04:21.804]: C:\Code\github\ErpNet.FP\ErpNet.FP.Setup\ProductInstallFiles.wxs(111) : information WIX0023: [Converted] Using '*' for the Component Guid attribute is unnecessary. Remove the attribute to remove the redundancy. (AutoGuidUnnecessary)
[12/23/2022 10:04:21.804]: C:\Code\github\ErpNet.FP\ErpNet.FP.Setup\ProductInstallFiles.wxs(114) : information WIX0023: [Converted] Using '*' for the Component Guid attribute is unnecessary. Remove the attribute to remove the redundancy. (AutoGuidUnnecessary)
[12/23/2022 10:04:21.804]: C:\Code\github\ErpNet.FP\ErpNet.FP.Setup\ProductInstallFiles.wxs(117) : information WIX0023: [Converted] Using '*' for the Component Guid attribute is unnecessary. Remove the attribute to remove the redundancy. (AutoGuidUnnecessary)
[12/23/2022 10:04:21.804]: C:\Code\github\ErpNet.FP\ErpNet.FP.Setup\ProductInstallFiles.wxs(120) : information WIX0023: [Converted] Using '*' for the Component Guid attribute is unnecessary. Remove the attribute to remove the redundancy. (AutoGuidUnnecessary)
[12/23/2022 10:04:21.804]: C:\Code\github\ErpNet.FP\ErpNet.FP.Setup\ProductInstallFiles.wxs(123) : information WIX0023: [Converted] Using '*' for the Component Guid attribute is unnecessary. Remove the attribute to remove the redundancy. (AutoGuidUnnecessary)
[12/23/2022 10:04:21.804]: C:\Code\github\ErpNet.FP\ErpNet.FP.Setup\ProductInstallFiles.wxs(126) : information WIX0023: [Converted] Using '*' for the Component Guid attribute is unnecessary. Remove the attribute to remove the redundancy. (AutoGuidUnnecessary)
[12/23/2022 10:04:21.804]: C:\Code\github\ErpNet.FP\ErpNet.FP.Setup\ProductInstallFiles.wxs(129) : information WIX0023: [Converted] Using '*' for the Component Guid attribute is unnecessary. Remove the attribute to remove the redundancy. (AutoGuidUnnecessary)
[12/23/2022 10:04:21.804]: C:\Code\github\ErpNet.FP\ErpNet.FP.Setup\ProductInstallFiles.wxs(132) : information WIX0023: [Converted] Using '*' for the Component Guid attribute is unnecessary. Remove the attribute to remove the redundancy. (AutoGuidUnnecessary)
[12/23/2022 10:04:21.804]: C:\Code\github\ErpNet.FP\ErpNet.FP.Setup\ProductInstallFiles.wxs(135) : information WIX0023: [Converted] Using '*' for the Component Guid attribute is unnecessary. Remove the attribute to remove the redundancy. (AutoGuidUnnecessary)
[12/23/2022 10:04:21.804]: C:\Code\github\ErpNet.FP\ErpNet.FP.Setup\ProductInstallFiles.wxs(138) : information WIX0023: [Converted] Using '*' for the Component Guid attribute is unnecessary. Remove the attribute to remove the redundancy. (AutoGuidUnnecessary)
[12/23/2022 10:04:21.804]: C:\Code\github\ErpNet.FP\ErpNet.FP.Setup\ProductInstallFiles.wxs(141) : information WIX0023: [Converted] Using '*' for the Component Guid attribute is unnecessary. Remove the attribute to remove the redundancy. (AutoGuidUnnecessary)
[12/23/2022 10:04:21.804]: C:\Code\github\ErpNet.FP\ErpNet.FP.Setup\ProductInstallFiles.wxs(144) : information WIX0023: [Converted] Using '*' for the Component Guid attribute is unnecessary. Remove the attribute to remove the redundancy. (AutoGuidUnnecessary)
[12/23/2022 10:04:21.804]: C:\Code\github\ErpNet.FP\ErpNet.FP.Setup\ProductInstallFiles.wxs(147) : information WIX0023: [Converted] Using '*' for the Component Guid attribute is unnecessary. Remove the attribute to remove the redundancy. (AutoGuidUnnecessary)
[12/23/2022 10:04:21.804]: C:\Code\github\ErpNet.FP\ErpNet.FP.Setup\ProductInstallFiles.wxs(150) : information WIX0023: [Converted] Using '*' for the Component Guid attribute is unnecessary. Remove the attribute to remove the redundancy. (AutoGuidUnnecessary)
[12/23/2022 10:04:21.804]: C:\Code\github\ErpNet.FP\ErpNet.FP.Setup\ProductInstallFiles.wxs(153) : information WIX0023: [Converted] Using '*' for the Component Guid attribute is unnecessary. Remove the attribute to remove the redundancy. (AutoGuidUnnecessary)
[12/23/2022 10:04:21.804]: C:\Code\github\ErpNet.FP\ErpNet.FP.Setup\ProductInstallFiles.wxs(156) : information WIX0023: [Converted] Using '*' for the Component Guid attribute is unnecessary. Remove the attribute to remove the redundancy. (AutoGuidUnnecessary)
[12/23/2022 10:04:21.804]: C:\Code\github\ErpNet.FP\ErpNet.FP.Setup\ProductInstallFiles.wxs(159) : information WIX0023: [Converted] Using '*' for the Component Guid attribute is unnecessary. Remove the attribute to remove the redundancy. (AutoGuidUnnecessary)
[12/23/2022 10:04:21.804]: C:\Code\github\ErpNet.FP\ErpNet.FP.Setup\ProductInstallFiles.wxs(162) : information WIX0023: [Converted] Using '*' for the Component Guid attribute is unnecessary. Remove the attribute to remove the redundancy. (AutoGuidUnnecessary)
[12/23/2022 10:04:21.804]: C:\Code\github\ErpNet.FP\ErpNet.FP.Setup\ProductInstallFiles.wxs(165) : information WIX0023: [Converted] Using '*' for the Component Guid attribute is unnecessary. Remove the attribute to remove the redundancy. (AutoGuidUnnecessary)
[12/23/2022 10:04:21.804]: C:\Code\github\ErpNet.FP\ErpNet.FP.Setup\ProductInstallFiles.wxs(168) : information WIX0023: [Converted] Using '*' for the Component Guid attribute is unnecessary. Remove the attribute to remove the redundancy. (AutoGuidUnnecessary)
[12/23/2022 10:04:21.804]: C:\Code\github\ErpNet.FP\ErpNet.FP.Setup\ProductInstallFiles.wxs(171) : information WIX0023: [Converted] Using '*' for the Component Guid attribute is unnecessary. Remove the attribute to remove the redundancy. (AutoGuidUnnecessary)
[12/23/2022 10:04:21.804]: C:\Code\github\ErpNet.FP\ErpNet.FP.Setup\ProductInstallFiles.wxs(174) : information WIX0023: [Converted] Using '*' for the Component Guid attribute is unnecessary. Remove the attribute to remove the redundancy. (AutoGuidUnnecessary)
[12/23/2022 10:04:21.804]: C:\Code\github\ErpNet.FP\ErpNet.FP.Setup\ProductInstallFiles.wxs(177) : information WIX0023: [Converted] Using '*' for the Component Guid attribute is unnecessary. Remove the attribute to remove the redundancy. (AutoGuidUnnecessary)
[12/23/2022 10:04:21.804]: C:\Code\github\ErpNet.FP\ErpNet.FP.Setup\ProductInstallFiles.wxs(180) : information WIX0023: [Converted] Using '*' for the Component Guid attribute is unnecessary. Remove the attribute to remove the redundancy. (AutoGuidUnnecessary)
[12/23/2022 10:04:21.804]: C:\Code\github\ErpNet.FP\ErpNet.FP.Setup\ProductInstallFiles.wxs(183) : information WIX0023: [Converted] Using '*' for the Component Guid attribute is unnecessary. Remove the attribute to remove the redundancy. (AutoGuidUnnecessary)
[12/23/2022 10:04:21.804]: C:\Code\github\ErpNet.FP\ErpNet.FP.Setup\ProductInstallFiles.wxs(186) : information WIX0023: [Converted] Using '*' for the Component Guid attribute is unnecessary. Remove the attribute to remove the redundancy. (AutoGuidUnnecessary)
[12/23/2022 10:04:21.804]: C:\Code\github\ErpNet.FP\ErpNet.FP.Setup\ProductInstallFiles.wxs(189) : information WIX0023: [Converted] Using '*' for the Component Guid attribute is unnecessary. Remove the attribute to remove the redundancy. (AutoGuidUnnecessary)
[12/23/2022 10:04:21.804]: C:\Code\github\ErpNet.FP\ErpNet.FP.Setup\ProductInstallFiles.wxs(192) : information WIX0023: [Converted] Using '*' for the Component Guid attribute is unnecessary. Remove the attribute to remove the redundancy. (AutoGuidUnnecessary)
[12/23/2022 10:04:21.804]: C:\Code\github\ErpNet.FP\ErpNet.FP.Setup\ProductInstallFiles.wxs(195) : information WIX0023: [Converted] Using '*' for the Component Guid attribute is unnecessary. Remove the attribute to remove the redundancy. (AutoGuidUnnecessary)
[12/23/2022 10:04:21.804]: C:\Code\github\ErpNet.FP\ErpNet.FP.Setup\ProductInstallFiles.wxs(198) : information WIX0023: [Converted] Using '*' for the Component Guid attribute is unnecessary. Remove the attribute to remove the redundancy. (AutoGuidUnnecessary)
[12/23/2022 10:04:21.804]: C:\Code\github\ErpNet.FP\ErpNet.FP.Setup\ProductInstallFiles.wxs(201) : information WIX0023: [Converted] Using '*' for the Component Guid attribute is unnecessary. Remove the attribute to remove the redundancy. (AutoGuidUnnecessary)
[12/23/2022 10:04:21.804]: C:\Code\github\ErpNet.FP\ErpNet.FP.Setup\ProductInstallFiles.wxs(204) : information WIX0023: [Converted] Using '*' for the Component Guid attribute is unnecessary. Remove the attribute to remove the redundancy. (AutoGuidUnnecessary)
[12/23/2022 10:04:21.804]: C:\Code\github\ErpNet.FP\ErpNet.FP.Setup\ProductInstallFiles.wxs(207) : information WIX0023: [Converted] Using '*' for the Component Guid attribute is unnecessary. Remove the attribute to remove the redundancy. (AutoGuidUnnecessary)
[12/23/2022 10:04:21.804]: C:\Code\github\ErpNet.FP\ErpNet.FP.Setup\ProductInstallFiles.wxs(210) : information WIX0023: [Converted] Using '*' for the Component Guid attribute is unnecessary. Remove the attribute to remove the redundancy. (AutoGuidUnnecessary)
[12/23/2022 10:04:21.804]: C:\Code\github\ErpNet.FP\ErpNet.FP.Setup\ProductInstallFiles.wxs(213) : information WIX0023: [Converted] Using '*' for the Component Guid attribute is unnecessary. Remove the attribute to remove the redundancy. (AutoGuidUnnecessary)
[12/23/2022 10:04:21.804]: C:\Code\github\ErpNet.FP\ErpNet.FP.Setup\ProductInstallFiles.wxs(216) : information WIX0023: [Converted] Using '*' for the Component Guid attribute is unnecessary. Remove the attribute to remove the redundancy. (AutoGuidUnnecessary)
[12/23/2022 10:04:21.804]: C:\Code\github\ErpNet.FP\ErpNet.FP.Setup\ProductInstallFiles.wxs(219) : information WIX0023: [Converted] Using '*' for the Component Guid attribute is unnecessary. Remove the attribute to remove the redundancy. (AutoGuidUnnecessary)
[12/23/2022 10:04:21.804]: C:\Code\github\ErpNet.FP\ErpNet.FP.Setup\ProductInstallFiles.wxs(222) : information WIX0023: [Converted] Using '*' for the Component Guid attribute is unnecessary. Remove the attribute to remove the redundancy. (AutoGuidUnnecessary)
[12/23/2022 10:04:21.804]: C:\Code\github\ErpNet.FP\ErpNet.FP.Setup\ProductInstallFiles.wxs(225) : information WIX0023: [Converted] Using '*' for the Component Guid attribute is unnecessary. Remove the attribute to remove the redundancy. (AutoGuidUnnecessary)
[12/23/2022 10:04:21.804]: C:\Code\github\ErpNet.FP\ErpNet.FP.Setup\ProductInstallFiles.wxs(228) : information WIX0023: [Converted] Using '*' for the Component Guid attribute is unnecessary. Remove the attribute to remove the redundancy. (AutoGuidUnnecessary)
[12/23/2022 10:04:21.804]: C:\Code\github\ErpNet.FP\ErpNet.FP.Setup\ProductInstallFiles.wxs(231) : information WIX0023: [Converted] Using '*' for the Component Guid attribute is unnecessary. Remove the attribute to remove the redundancy. (AutoGuidUnnecessary)
[12/23/2022 10:04:21.804]: C:\Code\github\ErpNet.FP\ErpNet.FP.Setup\ProductInstallFiles.wxs(234) : information WIX0023: [Converted] Using '*' for the Component Guid attribute is unnecessary. Remove the attribute to remove the redundancy. (AutoGuidUnnecessary)
[12/23/2022 10:04:21.804]: C:\Code\github\ErpNet.FP\ErpNet.FP.Setup\ProductInstallFiles.wxs(237) : information WIX0023: [Converted] Using '*' for the Component Guid attribute is unnecessary. Remove the attribute to remove the redundancy. (AutoGuidUnnecessary)
[12/23/2022 10:04:21.804]: C:\Code\github\ErpNet.FP\ErpNet.FP.Setup\ProductInstallFiles.wxs(240) : information WIX0023: [Converted] Using '*' for the Component Guid attribute is unnecessary. Remove the attribute to remove the redundancy. (AutoGuidUnnecessary)
[12/23/2022 10:04:21.804]: C:\Code\github\ErpNet.FP\ErpNet.FP.Setup\ProductInstallFiles.wxs(243) : information WIX0023: [Converted] Using '*' for the Component Guid attribute is unnecessary. Remove the attribute to remove the redundancy. (AutoGuidUnnecessary)
[12/23/2022 10:04:21.804]: C:\Code\github\ErpNet.FP\ErpNet.FP.Setup\ProductInstallFiles.wxs(246) : information WIX0023: [Converted] Using '*' for the Component Guid attribute is unnecessary. Remove the attribute to remove the redundancy. (AutoGuidUnnecessary)
[12/23/2022 10:04:21.804]: C:\Code\github\ErpNet.FP\ErpNet.FP.Setup\ProductInstallFiles.wxs(249) : information WIX0023: [Converted] Using '*' for the Component Guid attribute is unnecessary. Remove the attribute to remove the redundancy. (AutoGuidUnnecessary)
[12/23/2022 10:04:21.804]: C:\Code\github\ErpNet.FP\ErpNet.FP.Setup\ProductInstallFiles.wxs(252) : information WIX0023: [Converted] Using '*' for the Component Guid attribute is unnecessary. Remove the attribute to remove the redundancy. (AutoGuidUnnecessary)
[12/23/2022 10:04:21.804]: C:\Code\github\ErpNet.FP\ErpNet.FP.Setup\ProductInstallFiles.wxs(255) : information WIX0023: [Converted] Using '*' for the Component Guid attribute is unnecessary. Remove the attribute to remove the redundancy. (AutoGuidUnnecessary)
[12/23/2022 10:04:21.804]: C:\Code\github\ErpNet.FP\ErpNet.FP.Setup\ProductInstallFiles.wxs(258) : information WIX0023: [Converted] Using '*' for the Component Guid attribute is unnecessary. Remove the attribute to remove the redundancy. (AutoGuidUnnecessary)
[12/23/2022 10:04:21.804]: C:\Code\github\ErpNet.FP\ErpNet.FP.Setup\ProductInstallFiles.wxs(261) : information WIX0023: [Converted] Using '*' for the Component Guid attribute is unnecessary. Remove the attribute to remove the redundancy. (AutoGuidUnnecessary)
[12/23/2022 10:04:21.804]: C:\Code\github\ErpNet.FP\ErpNet.FP.Setup\ProductInstallFiles.wxs(264) : information WIX0023: [Converted] Using '*' for the Component Guid attribute is unnecessary. Remove the attribute to remove the redundancy. (AutoGuidUnnecessary)
[12/23/2022 10:04:21.804]: C:\Code\github\ErpNet.FP\ErpNet.FP.Setup\ProductInstallFiles.wxs(267) : information WIX0023: [Converted] Using '*' for the Component Guid attribute is unnecessary. Remove the attribute to remove the redundancy. (AutoGuidUnnecessary)
[12/23/2022 10:04:21.804]: C:\Code\github\ErpNet.FP\ErpNet.FP.Setup\ProductInstallFiles.wxs(270) : information WIX0023: [Converted] Using '*' for the Component Guid attribute is unnecessary. Remove the attribute to remove the redundancy. (AutoGuidUnnecessary)
[12/23/2022 10:04:21.804]: C:\Code\github\ErpNet.FP\ErpNet.FP.Setup\ProductInstallFiles.wxs(273) : information WIX0023: [Converted] Using '*' for the Component Guid attribute is unnecessary. Remove the attribute to remove the redundancy. (AutoGuidUnnecessary)
[12/23/2022 10:04:21.804]: C:\Code\github\ErpNet.FP\ErpNet.FP.Setup\ProductInstallFiles.wxs(276) : information WIX0023: [Converted] Using '*' for the Component Guid attribute is unnecessary. Remove the attribute to remove the redundancy. (AutoGuidUnnecessary)
[12/23/2022 10:04:21.804]: C:\Code\github\ErpNet.FP\ErpNet.FP.Setup\ProductInstallFiles.wxs(279) : information WIX0023: [Converted] Using '*' for the Component Guid attribute is unnecessary. Remove the attribute to remove the redundancy. (AutoGuidUnnecessary)
[12/23/2022 10:04:21.804]: C:\Code\github\ErpNet.FP\ErpNet.FP.Setup\ProductInstallFiles.wxs(282) : information WIX0023: [Converted] Using '*' for the Component Guid attribute is unnecessary. Remove the attribute to remove the redundancy. (AutoGuidUnnecessary)
[12/23/2022 10:04:21.804]: C:\Code\github\ErpNet.FP\ErpNet.FP.Setup\ProductInstallFiles.wxs(285) : information WIX0023: [Converted] Using '*' for the Component Guid attribute is unnecessary. Remove the attribute to remove the redundancy. (AutoGuidUnnecessary)
[12/23/2022 10:04:21.804]: C:\Code\github\ErpNet.FP\ErpNet.FP.Setup\ProductInstallFiles.wxs(288) : information WIX0023: [Converted] Using '*' for the Component Guid attribute is unnecessary. Remove the attribute to remove the redundancy. (AutoGuidUnnecessary)
[12/23/2022 10:04:21.804]: C:\Code\github\ErpNet.FP\ErpNet.FP.Setup\ProductInstallFiles.wxs(291) : information WIX0023: [Converted] Using '*' for the Component Guid attribute is unnecessary. Remove the attribute to remove the redundancy. (AutoGuidUnnecessary)
[12/23/2022 10:04:21.804]: C:\Code\github\ErpNet.FP\ErpNet.FP.Setup\ProductInstallFiles.wxs(294) : information WIX0023: [Converted] Using '*' for the Component Guid attribute is unnecessary. Remove the attribute to remove the redundancy. (AutoGuidUnnecessary)
[12/23/2022 10:04:21.804]: C:\Code\github\ErpNet.FP\ErpNet.FP.Setup\ProductInstallFiles.wxs(297) : information WIX0023: [Converted] Using '*' for the Component Guid attribute is unnecessary. Remove the attribute to remove the redundancy. (AutoGuidUnnecessary)
[12/23/2022 10:04:21.804]: C:\Code\github\ErpNet.FP\ErpNet.FP.Setup\ProductInstallFiles.wxs(300) : information WIX0023: [Converted] Using '*' for the Component Guid attribute is unnecessary. Remove the attribute to remove the redundancy. (AutoGuidUnnecessary)
[12/23/2022 10:04:21.804]: C:\Code\github\ErpNet.FP\ErpNet.FP.Setup\ProductInstallFiles.wxs(303) : information WIX0023: [Converted] Using '*' for the Component Guid attribute is unnecessary. Remove the attribute to remove the redundancy. (AutoGuidUnnecessary)
[12/23/2022 10:04:21.804]: C:\Code\github\ErpNet.FP\ErpNet.FP.Setup\ProductInstallFiles.wxs(306) : information WIX0023: [Converted] Using '*' for the Component Guid attribute is unnecessary. Remove the attribute to remove the redundancy. (AutoGuidUnnecessary)
[12/23/2022 10:04:21.804]: C:\Code\github\ErpNet.FP\ErpNet.FP.Setup\ProductInstallFiles.wxs(309) : information WIX0023: [Converted] Using '*' for the Component Guid attribute is unnecessary. Remove the attribute to remove the redundancy. (AutoGuidUnnecessary)
[12/23/2022 10:04:21.804]: C:\Code\github\ErpNet.FP\ErpNet.FP.Setup\ProductInstallFiles.wxs(312) : information WIX0023: [Converted] Using '*' for the Component Guid attribute is unnecessary. Remove the attribute to remove the redundancy. (AutoGuidUnnecessary)
[12/23/2022 10:04:21.804]: C:\Code\github\ErpNet.FP\ErpNet.FP.Setup\ProductInstallFiles.wxs(315) : information WIX0023: [Converted] Using '*' for the Component Guid attribute is unnecessary. Remove the attribute to remove the redundancy. (AutoGuidUnnecessary)
[12/23/2022 10:04:21.804]: C:\Code\github\ErpNet.FP\ErpNet.FP.Setup\ProductInstallFiles.wxs(318) : information WIX0023: [Converted] Using '*' for the Component Guid attribute is unnecessary. Remove the attribute to remove the redundancy. (AutoGuidUnnecessary)
[12/23/2022 10:04:21.804]: C:\Code\github\ErpNet.FP\ErpNet.FP.Setup\ProductInstallFiles.wxs(321) : information WIX0023: [Converted] Using '*' for the Component Guid attribute is unnecessary. Remove the attribute to remove the redundancy. (AutoGuidUnnecessary)
[12/23/2022 10:04:21.804]: C:\Code\github\ErpNet.FP\ErpNet.FP.Setup\ProductInstallFiles.wxs(324) : information WIX0023: [Converted] Using '*' for the Component Guid attribute is unnecessary. Remove the attribute to remove the redundancy. (AutoGuidUnnecessary)
[12/23/2022 10:04:21.804]: C:\Code\github\ErpNet.FP\ErpNet.FP.Setup\ProductInstallFiles.wxs(327) : information WIX0023: [Converted] Using '*' for the Component Guid attribute is unnecessary. Remove the attribute to remove the redundancy. (AutoGuidUnnecessary)
[12/23/2022 10:04:21.804]: C:\Code\github\ErpNet.FP\ErpNet.FP.Setup\ProductInstallFiles.wxs(330) : information WIX0023: [Converted] Using '*' for the Component Guid attribute is unnecessary. Remove the attribute to remove the redundancy. (AutoGuidUnnecessary)
[12/23/2022 10:04:21.804]: C:\Code\github\ErpNet.FP\ErpNet.FP.Setup\ProductInstallFiles.wxs(333) : information WIX0023: [Converted] Using '*' for the Component Guid attribute is unnecessary. Remove the attribute to remove the redundancy. (AutoGuidUnnecessary)
[12/23/2022 10:04:21.804]: C:\Code\github\ErpNet.FP\ErpNet.FP.Setup\ProductInstallFiles.wxs(336) : information WIX0023: [Converted] Using '*' for the Component Guid attribute is unnecessary. Remove the attribute to remove the redundancy. (AutoGuidUnnecessary)
[12/23/2022 10:04:21.804]: C:\Code\github\ErpNet.FP\ErpNet.FP.Setup\ProductInstallFiles.wxs(339) : information WIX0023: [Converted] Using '*' for the Component Guid attribute is unnecessary. Remove the attribute to remove the redundancy. (AutoGuidUnnecessary)
[12/23/2022 10:04:21.804]: C:\Code\github\ErpNet.FP\ErpNet.FP.Setup\ProductInstallFiles.wxs(342) : information WIX0023: [Converted] Using '*' for the Component Guid attribute is unnecessary. Remove the attribute to remove the redundancy. (AutoGuidUnnecessary)
[12/23/2022 10:04:21.804]: C:\Code\github\ErpNet.FP\ErpNet.FP.Setup\ProductInstallFiles.wxs(345) : information WIX0023: [Converted] Using '*' for the Component Guid attribute is unnecessary. Remove the attribute to remove the redundancy. (AutoGuidUnnecessary)
[12/23/2022 10:04:21.804]: C:\Code\github\ErpNet.FP\ErpNet.FP.Setup\ProductInstallFiles.wxs(348) : information WIX0023: [Converted] Using '*' for the Component Guid attribute is unnecessary. Remove the attribute to remove the redundancy. (AutoGuidUnnecessary)
[12/23/2022 10:04:21.804]: C:\Code\github\ErpNet.FP\ErpNet.FP.Setup\ProductInstallFiles.wxs(351) : information WIX0023: [Converted] Using '*' for the Component Guid attribute is unnecessary. Remove the attribute to remove the redundancy. (AutoGuidUnnecessary)
[12/23/2022 10:04:21.804]: C:\Code\github\ErpNet.FP\ErpNet.FP.Setup\ProductInstallFiles.wxs(354) : information WIX0023: [Converted] Using '*' for the Component Guid attribute is unnecessary. Remove the attribute to remove the redundancy. (AutoGuidUnnecessary)
[12/23/2022 10:04:21.804]: C:\Code\github\ErpNet.FP\ErpNet.FP.Setup\ProductInstallFiles.wxs(357) : information WIX0023: [Converted] Using '*' for the Component Guid attribute is unnecessary. Remove the attribute to remove the redundancy. (AutoGuidUnnecessary)
[12/23/2022 10:04:21.804]: C:\Code\github\ErpNet.FP\ErpNet.FP.Setup\ProductInstallFiles.wxs(360) : information WIX0023: [Converted] Using '*' for the Component Guid attribute is unnecessary. Remove the attribute to remove the redundancy. (AutoGuidUnnecessary)
[12/23/2022 10:04:21.804]: C:\Code\github\ErpNet.FP\ErpNet.FP.Setup\ProductInstallFiles.wxs(363) : information WIX0023: [Converted] Using '*' for the Component Guid attribute is unnecessary. Remove the attribute to remove the redundancy. (AutoGuidUnnecessary)
[12/23/2022 10:04:21.804]: C:\Code\github\ErpNet.FP\ErpNet.FP.Setup\ProductInstallFiles.wxs(366) : information WIX0023: [Converted] Using '*' for the Component Guid attribute is unnecessary. Remove the attribute to remove the redundancy. (AutoGuidUnnecessary)
[12/23/2022 10:04:21.804]: C:\Code\github\ErpNet.FP\ErpNet.FP.Setup\ProductInstallFiles.wxs(369) : information WIX0023: [Converted] Using '*' for the Component Guid attribute is unnecessary. Remove the attribute to remove the redundancy. (AutoGuidUnnecessary)
[12/23/2022 10:04:21.804]: C:\Code\github\ErpNet.FP\ErpNet.FP.Setup\ProductInstallFiles.wxs(372) : information WIX0023: [Converted] Using '*' for the Component Guid attribute is unnecessary. Remove the attribute to remove the redundancy. (AutoGuidUnnecessary)
[12/23/2022 10:04:21.804]: C:\Code\github\ErpNet.FP\ErpNet.FP.Setup\ProductInstallFiles.wxs(375) : information WIX0023: [Converted] Using '*' for the Component Guid attribute is unnecessary. Remove the attribute to remove the redundancy. (AutoGuidUnnecessary)
[12/23/2022 10:04:21.804]: C:\Code\github\ErpNet.FP\ErpNet.FP.Setup\ProductInstallFiles.wxs(378) : information WIX0023: [Converted] Using '*' for the Component Guid attribute is unnecessary. Remove the attribute to remove the redundancy. (AutoGuidUnnecessary)
[12/23/2022 10:04:21.804]: C:\Code\github\ErpNet.FP\ErpNet.FP.Setup\ProductInstallFiles.wxs(381) : information WIX0023: [Converted] Using '*' for the Component Guid attribute is unnecessary. Remove the attribute to remove the redundancy. (AutoGuidUnnecessary)
[12/23/2022 10:04:21.805]: C:\Code\github\ErpNet.FP\ErpNet.FP.Setup\ProductInstallFiles.wxs(384) : information WIX0023: [Converted] Using '*' for the Component Guid attribute is unnecessary. Remove the attribute to remove the redundancy. (AutoGuidUnnecessary)
[12/23/2022 10:04:21.805]: C:\Code\github\ErpNet.FP\ErpNet.FP.Setup\ProductInstallFiles.wxs(387) : information WIX0023: [Converted] Using '*' for the Component Guid attribute is unnecessary. Remove the attribute to remove the redundancy. (AutoGuidUnnecessary)
[12/23/2022 10:04:21.805]: C:\Code\github\ErpNet.FP\ErpNet.FP.Setup\ProductInstallFiles.wxs(390) : information WIX0023: [Converted] Using '*' for the Component Guid attribute is unnecessary. Remove the attribute to remove the redundancy. (AutoGuidUnnecessary)
[12/23/2022 10:04:21.805]: C:\Code\github\ErpNet.FP\ErpNet.FP.Setup\ProductInstallFiles.wxs(393) : information WIX0023: [Converted] Using '*' for the Component Guid attribute is unnecessary. Remove the attribute to remove the redundancy. (AutoGuidUnnecessary)
[12/23/2022 10:04:21.805]: C:\Code\github\ErpNet.FP\ErpNet.FP.Setup\ProductInstallFiles.wxs(396) : information WIX0023: [Converted] Using '*' for the Component Guid attribute is unnecessary. Remove the attribute to remove the redundancy. (AutoGuidUnnecessary)
[12/23/2022 10:04:21.805]: C:\Code\github\ErpNet.FP\ErpNet.FP.Setup\ProductInstallFiles.wxs(399) : information WIX0023: [Converted] Using '*' for the Component Guid attribute is unnecessary. Remove the attribute to remove the redundancy. (AutoGuidUnnecessary)
[12/23/2022 10:04:21.805]: C:\Code\github\ErpNet.FP\ErpNet.FP.Setup\ProductInstallFiles.wxs(402) : information WIX0023: [Converted] Using '*' for the Component Guid attribute is unnecessary. Remove the attribute to remove the redundancy. (AutoGuidUnnecessary)
[12/23/2022 10:04:21.805]: C:\Code\github\ErpNet.FP\ErpNet.FP.Setup\ProductInstallFiles.wxs(405) : information WIX0023: [Converted] Using '*' for the Component Guid attribute is unnecessary. Remove the attribute to remove the redundancy. (AutoGuidUnnecessary)
[12/23/2022 10:04:21.805]: C:\Code\github\ErpNet.FP\ErpNet.FP.Setup\ProductInstallFiles.wxs(408) : information WIX0023: [Converted] Using '*' for the Component Guid attribute is unnecessary. Remove the attribute to remove the redundancy. (AutoGuidUnnecessary)
[12/23/2022 10:04:21.805]: C:\Code\github\ErpNet.FP\ErpNet.FP.Setup\ProductInstallFiles.wxs(411) : information WIX0023: [Converted] Using '*' for the Component Guid attribute is unnecessary. Remove the attribute to remove the redundancy. (AutoGuidUnnecessary)
[12/23/2022 10:04:21.805]: C:\Code\github\ErpNet.FP\ErpNet.FP.Setup\ProductInstallFiles.wxs(414) : information WIX0023: [Converted] Using '*' for the Component Guid attribute is unnecessary. Remove the attribute to remove the redundancy. (AutoGuidUnnecessary)
[12/23/2022 10:04:21.805]: C:\Code\github\ErpNet.FP\ErpNet.FP.Setup\ProductInstallFiles.wxs(417) : information WIX0023: [Converted] Using '*' for the Component Guid attribute is unnecessary. Remove the attribute to remove the redundancy. (AutoGuidUnnecessary)
[12/23/2022 10:04:21.805]: C:\Code\github\ErpNet.FP\ErpNet.FP.Setup\ProductInstallFiles.wxs(420) : information WIX0023: [Converted] Using '*' for the Component Guid attribute is unnecessary. Remove the attribute to remove the redundancy. (AutoGuidUnnecessary)
[12/23/2022 10:04:21.805]: C:\Code\github\ErpNet.FP\ErpNet.FP.Setup\ProductInstallFiles.wxs(423) : information WIX0023: [Converted] Using '*' for the Component Guid attribute is unnecessary. Remove the attribute to remove the redundancy. (AutoGuidUnnecessary)
[12/23/2022 10:04:21.805]: C:\Code\github\ErpNet.FP\ErpNet.FP.Setup\ProductInstallFiles.wxs(426) : information WIX0023: [Converted] Using '*' for the Component Guid attribute is unnecessary. Remove the attribute to remove the redundancy. (AutoGuidUnnecessary)
[12/23/2022 10:04:21.805]: C:\Code\github\ErpNet.FP\ErpNet.FP.Setup\ProductInstallFiles.wxs(429) : information WIX0023: [Converted] Using '*' for the Component Guid attribute is unnecessary. Remove the attribute to remove the redundancy. (AutoGuidUnnecessary)
[12/23/2022 10:04:21.805]: C:\Code\github\ErpNet.FP\ErpNet.FP.Setup\ProductInstallFiles.wxs(432) : information WIX0023: [Converted] Using '*' for the Component Guid attribute is unnecessary. Remove the attribute to remove the redundancy. (AutoGuidUnnecessary)
[12/23/2022 10:04:21.805]: C:\Code\github\ErpNet.FP\ErpNet.FP.Setup\ProductInstallFiles.wxs(435) : information WIX0023: [Converted] Using '*' for the Component Guid attribute is unnecessary. Remove the attribute to remove the redundancy. (AutoGuidUnnecessary)
[12/23/2022 10:04:21.805]: C:\Code\github\ErpNet.FP\ErpNet.FP.Setup\ProductInstallFiles.wxs(438) : information WIX0023: [Converted] Using '*' for the Component Guid attribute is unnecessary. Remove the attribute to remove the redundancy. (AutoGuidUnnecessary)
[12/23/2022 10:04:21.805]: C:\Code\github\ErpNet.FP\ErpNet.FP.Setup\ProductInstallFiles.wxs(441) : information WIX0023: [Converted] Using '*' for the Component Guid attribute is unnecessary. Remove the attribute to remove the redundancy. (AutoGuidUnnecessary)
[12/23/2022 10:04:21.805]: C:\Code\github\ErpNet.FP\ErpNet.FP.Setup\ProductInstallFiles.wxs(444) : information WIX0023: [Converted] Using '*' for the Component Guid attribute is unnecessary. Remove the attribute to remove the redundancy. (AutoGuidUnnecessary)
[12/23/2022 10:04:21.805]: C:\Code\github\ErpNet.FP\ErpNet.FP.Setup\ProductInstallFiles.wxs(447) : information WIX0023: [Converted] Using '*' for the Component Guid attribute is unnecessary. Remove the attribute to remove the redundancy. (AutoGuidUnnecessary)
[12/23/2022 10:04:21.805]: C:\Code\github\ErpNet.FP\ErpNet.FP.Setup\ProductInstallFiles.wxs(450) : information WIX0023: [Converted] Using '*' for the Component Guid attribute is unnecessary. Remove the attribute to remove the redundancy. (AutoGuidUnnecessary)
[12/23/2022 10:04:21.805]: C:\Code\github\ErpNet.FP\ErpNet.FP.Setup\ProductInstallFiles.wxs(453) : information WIX0023: [Converted] Using '*' for the Component Guid attribute is unnecessary. Remove the attribute to remove the redundancy. (AutoGuidUnnecessary)
[12/23/2022 10:04:21.805]: C:\Code\github\ErpNet.FP\ErpNet.FP.Setup\ProductInstallFiles.wxs(456) : information WIX0023: [Converted] Using '*' for the Component Guid attribute is unnecessary. Remove the attribute to remove the redundancy. (AutoGuidUnnecessary)
[12/23/2022 10:04:21.805]: C:\Code\github\ErpNet.FP\ErpNet.FP.Setup\ProductInstallFiles.wxs(459) : information WIX0023: [Converted] Using '*' for the Component Guid attribute is unnecessary. Remove the attribute to remove the redundancy. (AutoGuidUnnecessary)
[12/23/2022 10:04:21.805]: C:\Code\github\ErpNet.FP\ErpNet.FP.Setup\ProductInstallFiles.wxs(462) : information WIX0023: [Converted] Using '*' for the Component Guid attribute is unnecessary. Remove the attribute to remove the redundancy. (AutoGuidUnnecessary)
[12/23/2022 10:04:21.805]: C:\Code\github\ErpNet.FP\ErpNet.FP.Setup\ProductInstallFiles.wxs(465) : information WIX0023: [Converted] Using '*' for the Component Guid attribute is unnecessary. Remove the attribute to remove the redundancy. (AutoGuidUnnecessary)
[12/23/2022 10:04:21.805]: C:\Code\github\ErpNet.FP\ErpNet.FP.Setup\ProductInstallFiles.wxs(468) : information WIX0023: [Converted] Using '*' for the Component Guid attribute is unnecessary. Remove the attribute to remove the redundancy. (AutoGuidUnnecessary)
[12/23/2022 10:04:21.805]: C:\Code\github\ErpNet.FP\ErpNet.FP.Setup\ProductInstallFiles.wxs(471) : information WIX0023: [Converted] Using '*' for the Component Guid attribute is unnecessary. Remove the attribute to remove the redundancy. (AutoGuidUnnecessary)
[12/23/2022 10:04:21.805]: C:\Code\github\ErpNet.FP\ErpNet.FP.Setup\ProductInstallFiles.wxs(474) : information WIX0023: [Converted] Using '*' for the Component Guid attribute is unnecessary. Remove the attribute to remove the redundancy. (AutoGuidUnnecessary)
[12/23/2022 10:04:21.805]: C:\Code\github\ErpNet.FP\ErpNet.FP.Setup\ProductInstallFiles.wxs(477) : information WIX0023: [Converted] Using '*' for the Component Guid attribute is unnecessary. Remove the attribute to remove the redundancy. (AutoGuidUnnecessary)
[12/23/2022 10:04:21.805]: C:\Code\github\ErpNet.FP\ErpNet.FP.Setup\ProductInstallFiles.wxs(480) : information WIX0023: [Converted] Using '*' for the Component Guid attribute is unnecessary. Remove the attribute to remove the redundancy. (AutoGuidUnnecessary)
[12/23/2022 10:04:21.805]: C:\Code\github\ErpNet.FP\ErpNet.FP.Setup\ProductInstallFiles.wxs(483) : information WIX0023: [Converted] Using '*' for the Component Guid attribute is unnecessary. Remove the attribute to remove the redundancy. (AutoGuidUnnecessary)
[12/23/2022 10:04:21.805]: C:\Code\github\ErpNet.FP\ErpNet.FP.Setup\ProductInstallFiles.wxs(486) : information WIX0023: [Converted] Using '*' for the Component Guid attribute is unnecessary. Remove the attribute to remove the redundancy. (AutoGuidUnnecessary)
[12/23/2022 10:04:21.805]: C:\Code\github\ErpNet.FP\ErpNet.FP.Setup\ProductInstallFiles.wxs(489) : information WIX0023: [Converted] Using '*' for the Component Guid attribute is unnecessary. Remove the attribute to remove the redundancy. (AutoGuidUnnecessary)
[12/23/2022 10:04:21.805]: C:\Code\github\ErpNet.FP\ErpNet.FP.Setup\ProductInstallFiles.wxs(492) : information WIX0023: [Converted] Using '*' for the Component Guid attribute is unnecessary. Remove the attribute to remove the redundancy. (AutoGuidUnnecessary)
[12/23/2022 10:04:21.805]: C:\Code\github\ErpNet.FP\ErpNet.FP.Setup\ProductInstallFiles.wxs(495) : information WIX0023: [Converted] Using '*' for the Component Guid attribute is unnecessary. Remove the attribute to remove the redundancy. (AutoGuidUnnecessary)
[12/23/2022 10:04:21.805]: C:\Code\github\ErpNet.FP\ErpNet.FP.Setup\ProductInstallFiles.wxs(498) : information WIX0023: [Converted] Using '*' for the Component Guid attribute is unnecessary. Remove the attribute to remove the redundancy. (AutoGuidUnnecessary)
[12/23/2022 10:04:21.805]: C:\Code\github\ErpNet.FP\ErpNet.FP.Setup\ProductInstallFiles.wxs(501) : information WIX0023: [Converted] Using '*' for the Component Guid attribute is unnecessary. Remove the attribute to remove the redundancy. (AutoGuidUnnecessary)
[12/23/2022 10:04:21.805]: C:\Code\github\ErpNet.FP\ErpNet.FP.Setup\ProductInstallFiles.wxs(504) : information WIX0023: [Converted] Using '*' for the Component Guid attribute is unnecessary. Remove the attribute to remove the redundancy. (AutoGuidUnnecessary)
[12/23/2022 10:04:21.805]: C:\Code\github\ErpNet.FP\ErpNet.FP.Setup\ProductInstallFiles.wxs(507) : information WIX0023: [Converted] Using '*' for the Component Guid attribute is unnecessary. Remove the attribute to remove the redundancy. (AutoGuidUnnecessary)
[12/23/2022 10:04:21.805]: C:\Code\github\ErpNet.FP\ErpNet.FP.Setup\ProductInstallFiles.wxs(510) : information WIX0023: [Converted] Using '*' for the Component Guid attribute is unnecessary. Remove the attribute to remove the redundancy. (AutoGuidUnnecessary)
[12/23/2022 10:04:21.805]: C:\Code\github\ErpNet.FP\ErpNet.FP.Setup\ProductInstallFiles.wxs(513) : information WIX0023: [Converted] Using '*' for the Component Guid attribute is unnecessary. Remove the attribute to remove the redundancy. (AutoGuidUnnecessary)
[12/23/2022 10:04:21.805]: C:\Code\github\ErpNet.FP\ErpNet.FP.Setup\ProductInstallFiles.wxs(516) : information WIX0023: [Converted] Using '*' for the Component Guid attribute is unnecessary. Remove the attribute to remove the redundancy. (AutoGuidUnnecessary)
[12/23/2022 10:04:21.805]: C:\Code\github\ErpNet.FP\ErpNet.FP.Setup\ProductInstallFiles.wxs(519) : information WIX0023: [Converted] Using '*' for the Component Guid attribute is unnecessary. Remove the attribute to remove the redundancy. (AutoGuidUnnecessary)
[12/23/2022 10:04:21.805]: C:\Code\github\ErpNet.FP\ErpNet.FP.Setup\ProductInstallFiles.wxs(522) : information WIX0023: [Converted] Using '*' for the Component Guid attribute is unnecessary. Remove the attribute to remove the redundancy. (AutoGuidUnnecessary)
[12/23/2022 10:04:21.805]: C:\Code\github\ErpNet.FP\ErpNet.FP.Setup\ProductInstallFiles.wxs(525) : information WIX0023: [Converted] Using '*' for the Component Guid attribute is unnecessary. Remove the attribute to remove the redundancy. (AutoGuidUnnecessary)
[12/23/2022 10:04:21.805]: C:\Code\github\ErpNet.FP\ErpNet.FP.Setup\ProductInstallFiles.wxs(528) : information WIX0023: [Converted] Using '*' for the Component Guid attribute is unnecessary. Remove the attribute to remove the redundancy. (AutoGuidUnnecessary)
[12/23/2022 10:04:21.805]: C:\Code\github\ErpNet.FP\ErpNet.FP.Setup\ProductInstallFiles.wxs(531) : information WIX0023: [Converted] Using '*' for the Component Guid attribute is unnecessary. Remove the attribute to remove the redundancy. (AutoGuidUnnecessary)
[12/23/2022 10:04:21.805]: C:\Code\github\ErpNet.FP\ErpNet.FP.Setup\ProductInstallFiles.wxs(534) : information WIX0023: [Converted] Using '*' for the Component Guid attribute is unnecessary. Remove the attribute to remove the redundancy. (AutoGuidUnnecessary)
[12/23/2022 10:04:21.805]: C:\Code\github\ErpNet.FP\ErpNet.FP.Setup\ProductInstallFiles.wxs(537) : information WIX0023: [Converted] Using '*' for the Component Guid attribute is unnecessary. Remove the attribute to remove the redundancy. (AutoGuidUnnecessary)
[12/23/2022 10:04:21.805]: C:\Code\github\ErpNet.FP\ErpNet.FP.Setup\ProductInstallFiles.wxs(540) : information WIX0023: [Converted] Using '*' for the Component Guid attribute is unnecessary. Remove the attribute to remove the redundancy. (AutoGuidUnnecessary)
[12/23/2022 10:04:21.805]: C:\Code\github\ErpNet.FP\ErpNet.FP.Setup\ProductInstallFiles.wxs(543) : information WIX0023: [Converted] Using '*' for the Component Guid attribute is unnecessary. Remove the attribute to remove the redundancy. (AutoGuidUnnecessary)
[12/23/2022 10:04:21.805]: C:\Code\github\ErpNet.FP\ErpNet.FP.Setup\ProductInstallFiles.wxs(546) : information WIX0023: [Converted] Using '*' for the Component Guid attribute is unnecessary. Remove the attribute to remove the redundancy. (AutoGuidUnnecessary)
[12/23/2022 10:04:21.805]: C:\Code\github\ErpNet.FP\ErpNet.FP.Setup\ProductInstallFiles.wxs(549) : information WIX0023: [Converted] Using '*' for the Component Guid attribute is unnecessary. Remove the attribute to remove the redundancy. (AutoGuidUnnecessary)
[12/23/2022 10:04:21.805]: C:\Code\github\ErpNet.FP\ErpNet.FP.Setup\ProductInstallFiles.wxs(552) : information WIX0023: [Converted] Using '*' for the Component Guid attribute is unnecessary. Remove the attribute to remove the redundancy. (AutoGuidUnnecessary)
[12/23/2022 10:04:21.805]: C:\Code\github\ErpNet.FP\ErpNet.FP.Setup\ProductInstallFiles.wxs(555) : information WIX0023: [Converted] Using '*' for the Component Guid attribute is unnecessary. Remove the attribute to remove the redundancy. (AutoGuidUnnecessary)
[12/23/2022 10:04:21.805]: C:\Code\github\ErpNet.FP\ErpNet.FP.Setup\ProductInstallFiles.wxs(558) : information WIX0023: [Converted] Using '*' for the Component Guid attribute is unnecessary. Remove the attribute to remove the redundancy. (AutoGuidUnnecessary)
[12/23/2022 10:04:21.805]: C:\Code\github\ErpNet.FP\ErpNet.FP.Setup\ProductInstallFiles.wxs(561) : information WIX0023: [Converted] Using '*' for the Component Guid attribute is unnecessary. Remove the attribute to remove the redundancy. (AutoGuidUnnecessary)
[12/23/2022 10:04:21.806]: C:\Code\github\ErpNet.FP\ErpNet.FP.Setup\ProductInstallFiles.wxs(564) : information WIX0023: [Converted] Using '*' for the Component Guid attribute is unnecessary. Remove the attribute to remove the redundancy. (AutoGuidUnnecessary)
[12/23/2022 10:04:21.806]: C:\Code\github\ErpNet.FP\ErpNet.FP.Setup\ProductInstallFiles.wxs(567) : information WIX0023: [Converted] Using '*' for the Component Guid attribute is unnecessary. Remove the attribute to remove the redundancy. (AutoGuidUnnecessary)
[12/23/2022 10:04:21.806]: C:\Code\github\ErpNet.FP\ErpNet.FP.Setup\ProductInstallFiles.wxs(570) : information WIX0023: [Converted] Using '*' for the Component Guid attribute is unnecessary. Remove the attribute to remove the redundancy. (AutoGuidUnnecessary)
[12/23/2022 10:04:21.806]: C:\Code\github\ErpNet.FP\ErpNet.FP.Setup\ProductInstallFiles.wxs(573) : information WIX0023: [Converted] Using '*' for the Component Guid attribute is unnecessary. Remove the attribute to remove the redundancy. (AutoGuidUnnecessary)
[12/23/2022 10:04:21.806]: C:\Code\github\ErpNet.FP\ErpNet.FP.Setup\ProductInstallFiles.wxs(576) : information WIX0023: [Converted] Using '*' for the Component Guid attribute is unnecessary. Remove the attribute to remove the redundancy. (AutoGuidUnnecessary)
[12/23/2022 10:04:21.806]: C:\Code\github\ErpNet.FP\ErpNet.FP.Setup\ProductInstallFiles.wxs(579) : information WIX0023: [Converted] Using '*' for the Component Guid attribute is unnecessary. Remove the attribute to remove the redundancy. (AutoGuidUnnecessary)
[12/23/2022 10:04:21.806]: C:\Code\github\ErpNet.FP\ErpNet.FP.Setup\ProductInstallFiles.wxs(582) : information WIX0023: [Converted] Using '*' for the Component Guid attribute is unnecessary. Remove the attribute to remove the redundancy. (AutoGuidUnnecessary)
[12/23/2022 10:04:21.806]: C:\Code\github\ErpNet.FP\ErpNet.FP.Setup\ProductInstallFiles.wxs(585) : information WIX0023: [Converted] Using '*' for the Component Guid attribute is unnecessary. Remove the attribute to remove the redundancy. (AutoGuidUnnecessary)
[12/23/2022 10:04:21.806]: C:\Code\github\ErpNet.FP\ErpNet.FP.Setup\ProductInstallFiles.wxs(588) : information WIX0023: [Converted] Using '*' for the Component Guid attribute is unnecessary. Remove the attribute to remove the redundancy. (AutoGuidUnnecessary)
[12/23/2022 10:04:21.806]: C:\Code\github\ErpNet.FP\ErpNet.FP.Setup\ProductInstallFiles.wxs(591) : information WIX0023: [Converted] Using '*' for the Component Guid attribute is unnecessary. Remove the attribute to remove the redundancy. (AutoGuidUnnecessary)
[12/23/2022 10:04:21.806]: C:\Code\github\ErpNet.FP\ErpNet.FP.Setup\ProductInstallFiles.wxs(594) : information WIX0023: [Converted] Using '*' for the Component Guid attribute is unnecessary. Remove the attribute to remove the redundancy. (AutoGuidUnnecessary)
[12/23/2022 10:04:21.806]: C:\Code\github\ErpNet.FP\ErpNet.FP.Setup\ProductInstallFiles.wxs(597) : information WIX0023: [Converted] Using '*' for the Component Guid attribute is unnecessary. Remove the attribute to remove the redundancy. (AutoGuidUnnecessary)
[12/23/2022 10:04:21.806]: C:\Code\github\ErpNet.FP\ErpNet.FP.Setup\ProductInstallFiles.wxs(600) : information WIX0023: [Converted] Using '*' for the Component Guid attribute is unnecessary. Remove the attribute to remove the redundancy. (AutoGuidUnnecessary)
[12/23/2022 10:04:21.806]: C:\Code\github\ErpNet.FP\ErpNet.FP.Setup\ProductInstallFiles.wxs(603) : information WIX0023: [Converted] Using '*' for the Component Guid attribute is unnecessary. Remove the attribute to remove the redundancy. (AutoGuidUnnecessary)
[12/23/2022 10:04:21.806]: C:\Code\github\ErpNet.FP\ErpNet.FP.Setup\ProductInstallFiles.wxs(606) : information WIX0023: [Converted] Using '*' for the Component Guid attribute is unnecessary. Remove the attribute to remove the redundancy. (AutoGuidUnnecessary)
[12/23/2022 10:04:21.806]: C:\Code\github\ErpNet.FP\ErpNet.FP.Setup\ProductInstallFiles.wxs(609) : information WIX0023: [Converted] Using '*' for the Component Guid attribute is unnecessary. Remove the attribute to remove the redundancy. (AutoGuidUnnecessary)
[12/23/2022 10:04:21.806]: C:\Code\github\ErpNet.FP\ErpNet.FP.Setup\ProductInstallFiles.wxs(612) : information WIX0023: [Converted] Using '*' for the Component Guid attribute is unnecessary. Remove the attribute to remove the redundancy. (AutoGuidUnnecessary)
[12/23/2022 10:04:21.806]: C:\Code\github\ErpNet.FP\ErpNet.FP.Setup\ProductInstallFiles.wxs(615) : information WIX0023: [Converted] Using '*' for the Component Guid attribute is unnecessary. Remove the attribute to remove the redundancy. (AutoGuidUnnecessary)
[12/23/2022 10:04:21.806]: C:\Code\github\ErpNet.FP\ErpNet.FP.Setup\ProductInstallFiles.wxs(618) : information WIX0023: [Converted] Using '*' for the Component Guid attribute is unnecessary. Remove the attribute to remove the redundancy. (AutoGuidUnnecessary)
[12/23/2022 10:04:21.806]: C:\Code\github\ErpNet.FP\ErpNet.FP.Setup\ProductInstallFiles.wxs(621) : information WIX0023: [Converted] Using '*' for the Component Guid attribute is unnecessary. Remove the attribute to remove the redundancy. (AutoGuidUnnecessary)
[12/23/2022 10:04:21.806]: C:\Code\github\ErpNet.FP\ErpNet.FP.Setup\ProductInstallFiles.wxs(624) : information WIX0023: [Converted] Using '*' for the Component Guid attribute is unnecessary. Remove the attribute to remove the redundancy. (AutoGuidUnnecessary)
[12/23/2022 10:04:21.806]: C:\Code\github\ErpNet.FP\ErpNet.FP.Setup\ProductInstallFiles.wxs(627) : information WIX0023: [Converted] Using '*' for the Component Guid attribute is unnecessary. Remove the attribute to remove the redundancy. (AutoGuidUnnecessary)
[12/23/2022 10:04:21.806]: C:\Code\github\ErpNet.FP\ErpNet.FP.Setup\ProductInstallFiles.wxs(630) : information WIX0023: [Converted] Using '*' for the Component Guid attribute is unnecessary. Remove the attribute to remove the redundancy. (AutoGuidUnnecessary)
[12/23/2022 10:04:21.806]: C:\Code\github\ErpNet.FP\ErpNet.FP.Setup\ProductInstallFiles.wxs(633) : information WIX0023: [Converted] Using '*' for the Component Guid attribute is unnecessary. Remove the attribute to remove the redundancy. (AutoGuidUnnecessary)
[12/23/2022 10:04:21.806]: C:\Code\github\ErpNet.FP\ErpNet.FP.Setup\ProductInstallFiles.wxs(636) : information WIX0023: [Converted] Using '*' for the Component Guid attribute is unnecessary. Remove the attribute to remove the redundancy. (AutoGuidUnnecessary)
[12/23/2022 10:04:21.806]: C:\Code\github\ErpNet.FP\ErpNet.FP.Setup\ProductInstallFiles.wxs(639) : information WIX0023: [Converted] Using '*' for the Component Guid attribute is unnecessary. Remove the attribute to remove the redundancy. (AutoGuidUnnecessary)
[12/23/2022 10:04:21.806]: C:\Code\github\ErpNet.FP\ErpNet.FP.Setup\ProductInstallFiles.wxs(642) : information WIX0023: [Converted] Using '*' for the Component Guid attribute is unnecessary. Remove the attribute to remove the redundancy. (AutoGuidUnnecessary)
[12/23/2022 10:04:21.806]: C:\Code\github\ErpNet.FP\ErpNet.FP.Setup\ProductInstallFiles.wxs(645) : information WIX0023: [Converted] Using '*' for the Component Guid attribute is unnecessary. Remove the attribute to remove the redundancy. (AutoGuidUnnecessary)
[12/23/2022 10:04:21.806]: C:\Code\github\ErpNet.FP\ErpNet.FP.Setup\ProductInstallFiles.wxs(648) : information WIX0023: [Converted] Using '*' for the Component Guid attribute is unnecessary. Remove the attribute to remove the redundancy. (AutoGuidUnnecessary)
[12/23/2022 10:04:21.806]: C:\Code\github\ErpNet.FP\ErpNet.FP.Setup\ProductInstallFiles.wxs(651) : information WIX0023: [Converted] Using '*' for the Component Guid attribute is unnecessary. Remove the attribute to remove the redundancy. (AutoGuidUnnecessary)
[12/23/2022 10:04:21.806]: C:\Code\github\ErpNet.FP\ErpNet.FP.Setup\ProductInstallFiles.wxs(654) : information WIX0023: [Converted] Using '*' for the Component Guid attribute is unnecessary. Remove the attribute to remove the redundancy. (AutoGuidUnnecessary)
[12/23/2022 10:04:21.806]: C:\Code\github\ErpNet.FP\ErpNet.FP.Setup\ProductInstallFiles.wxs(657) : information WIX0023: [Converted] Using '*' for the Component Guid attribute is unnecessary. Remove the attribute to remove the redundancy. (AutoGuidUnnecessary)
[12/23/2022 10:04:21.806]: C:\Code\github\ErpNet.FP\ErpNet.FP.Setup\ProductInstallFiles.wxs(660) : information WIX0023: [Converted] Using '*' for the Component Guid attribute is unnecessary. Remove the attribute to remove the redundancy. (AutoGuidUnnecessary)
[12/23/2022 10:04:21.806]: C:\Code\github\ErpNet.FP\ErpNet.FP.Setup\ProductInstallFiles.wxs(663) : information WIX0023: [Converted] Using '*' for the Component Guid attribute is unnecessary. Remove the attribute to remove the redundancy. (AutoGuidUnnecessary)
[12/23/2022 10:04:21.806]: C:\Code\github\ErpNet.FP\ErpNet.FP.Setup\ProductInstallFiles.wxs(666) : information WIX0023: [Converted] Using '*' for the Component Guid attribute is unnecessary. Remove the attribute to remove the redundancy. (AutoGuidUnnecessary)
[12/23/2022 10:04:21.806]: C:\Code\github\ErpNet.FP\ErpNet.FP.Setup\ProductInstallFiles.wxs(669) : information WIX0023: [Converted] Using '*' for the Component Guid attribute is unnecessary. Remove the attribute to remove the redundancy. (AutoGuidUnnecessary)
[12/23/2022 10:04:21.806]: C:\Code\github\ErpNet.FP\ErpNet.FP.Setup\ProductInstallFiles.wxs(672) : information WIX0023: [Converted] Using '*' for the Component Guid attribute is unnecessary. Remove the attribute to remove the redundancy. (AutoGuidUnnecessary)
[12/23/2022 10:04:21.806]: C:\Code\github\ErpNet.FP\ErpNet.FP.Setup\ProductInstallFiles.wxs(675) : information WIX0023: [Converted] Using '*' for the Component Guid attribute is unnecessary. Remove the attribute to remove the redundancy. (AutoGuidUnnecessary)
[12/23/2022 10:04:21.806]: C:\Code\github\ErpNet.FP\ErpNet.FP.Setup\ProductInstallFiles.wxs(678) : information WIX0023: [Converted] Using '*' for the Component Guid attribute is unnecessary. Remove the attribute to remove the redundancy. (AutoGuidUnnecessary)
[12/23/2022 10:04:21.806]: C:\Code\github\ErpNet.FP\ErpNet.FP.Setup\ProductInstallFiles.wxs(681) : information WIX0023: [Converted] Using '*' for the Component Guid attribute is unnecessary. Remove the attribute to remove the redundancy. (AutoGuidUnnecessary)
[12/23/2022 10:04:21.806]: C:\Code\github\ErpNet.FP\ErpNet.FP.Setup\ProductInstallFiles.wxs(684) : information WIX0023: [Converted] Using '*' for the Component Guid attribute is unnecessary. Remove the attribute to remove the redundancy. (AutoGuidUnnecessary)
[12/23/2022 10:04:21.807]: C:\Code\github\ErpNet.FP\ErpNet.FP.Setup\ProductInstallFiles.wxs(687) : information WIX0023: [Converted] Using '*' for the Component Guid attribute is unnecessary. Remove the attribute to remove the redundancy. (AutoGuidUnnecessary)
[12/23/2022 10:04:21.807]: C:\Code\github\ErpNet.FP\ErpNet.FP.Setup\ProductInstallFiles.wxs(690) : information WIX0023: [Converted] Using '*' for the Component Guid attribute is unnecessary. Remove the attribute to remove the redundancy. (AutoGuidUnnecessary)
[12/23/2022 10:04:21.807]: C:\Code\github\ErpNet.FP\ErpNet.FP.Setup\ProductInstallFiles.wxs(693) : information WIX0023: [Converted] Using '*' for the Component Guid attribute is unnecessary. Remove the attribute to remove the redundancy. (AutoGuidUnnecessary)
[12/23/2022 10:04:21.807]: C:\Code\github\ErpNet.FP\ErpNet.FP.Setup\ProductInstallFiles.wxs(696) : information WIX0023: [Converted] Using '*' for the Component Guid attribute is unnecessary. Remove the attribute to remove the redundancy. (AutoGuidUnnecessary)
[12/23/2022 10:04:21.807]: C:\Code\github\ErpNet.FP\ErpNet.FP.Setup\ProductInstallFiles.wxs(699) : information WIX0023: [Converted] Using '*' for the Component Guid attribute is unnecessary. Remove the attribute to remove the redundancy. (AutoGuidUnnecessary)
[12/23/2022 10:04:21.807]: C:\Code\github\ErpNet.FP\ErpNet.FP.Setup\ProductInstallFiles.wxs(702) : information WIX0023: [Converted] Using '*' for the Component Guid attribute is unnecessary. Remove the attribute to remove the redundancy. (AutoGuidUnnecessary)
[12/23/2022 10:04:21.807]: C:\Code\github\ErpNet.FP\ErpNet.FP.Setup\ProductInstallFiles.wxs(705) : information WIX0023: [Converted] Using '*' for the Component Guid attribute is unnecessary. Remove the attribute to remove the redundancy. (AutoGuidUnnecessary)
[12/23/2022 10:04:21.807]: C:\Code\github\ErpNet.FP\ErpNet.FP.Setup\ProductInstallFiles.wxs(708) : information WIX0023: [Converted] Using '*' for the Component Guid attribute is unnecessary. Remove the attribute to remove the redundancy. (AutoGuidUnnecessary)
[12/23/2022 10:04:21.807]: C:\Code\github\ErpNet.FP\ErpNet.FP.Setup\ProductInstallFiles.wxs(711) : information WIX0023: [Converted] Using '*' for the Component Guid attribute is unnecessary. Remove the attribute to remove the redundancy. (AutoGuidUnnecessary)
[12/23/2022 10:04:21.807]: C:\Code\github\ErpNet.FP\ErpNet.FP.Setup\ProductInstallFiles.wxs(714) : information WIX0023: [Converted] Using '*' for the Component Guid attribute is unnecessary. Remove the attribute to remove the redundancy. (AutoGuidUnnecessary)
[12/23/2022 10:04:21.807]: C:\Code\github\ErpNet.FP\ErpNet.FP.Setup\ProductInstallFiles.wxs(717) : information WIX0023: [Converted] Using '*' for the Component Guid attribute is unnecessary. Remove the attribute to remove the redundancy. (AutoGuidUnnecessary)
[12/23/2022 10:04:21.807]: C:\Code\github\ErpNet.FP\ErpNet.FP.Setup\ProductInstallFiles.wxs(720) : information WIX0023: [Converted] Using '*' for the Component Guid attribute is unnecessary. Remove the attribute to remove the redundancy. (AutoGuidUnnecessary)
[12/23/2022 10:04:21.807]: C:\Code\github\ErpNet.FP\ErpNet.FP.Setup\ProductInstallFiles.wxs(723) : information WIX0023: [Converted] Using '*' for the Component Guid attribute is unnecessary. Remove the attribute to remove the redundancy. (AutoGuidUnnecessary)
[12/23/2022 10:04:21.807]: C:\Code\github\ErpNet.FP\ErpNet.FP.Setup\ProductInstallFiles.wxs(726) : information WIX0023: [Converted] Using '*' for the Component Guid attribute is unnecessary. Remove the attribute to remove the redundancy. (AutoGuidUnnecessary)
[12/23/2022 10:04:21.807]: C:\Code\github\ErpNet.FP\ErpNet.FP.Setup\ProductInstallFiles.wxs(729) : information WIX0023: [Converted] Using '*' for the Component Guid attribute is unnecessary. Remove the attribute to remove the redundancy. (AutoGuidUnnecessary)
[12/23/2022 10:04:21.807]: C:\Code\github\ErpNet.FP\ErpNet.FP.Setup\ProductInstallFiles.wxs(732) : information WIX0023: [Converted] Using '*' for the Component Guid attribute is unnecessary. Remove the attribute to remove the redundancy. (AutoGuidUnnecessary)
[12/23/2022 10:04:21.807]: C:\Code\github\ErpNet.FP\ErpNet.FP.Setup\ProductInstallFiles.wxs(735) : information WIX0023: [Converted] Using '*' for the Component Guid attribute is unnecessary. Remove the attribute to remove the redundancy. (AutoGuidUnnecessary)
[12/23/2022 10:04:21.807]: C:\Code\github\ErpNet.FP\ErpNet.FP.Setup\ProductInstallFiles.wxs(738) : information WIX0023: [Converted] Using '*' for the Component Guid attribute is unnecessary. Remove the attribute to remove the redundancy. (AutoGuidUnnecessary)
[12/23/2022 10:04:21.807]: C:\Code\github\ErpNet.FP\ErpNet.FP.Setup\ProductInstallFiles.wxs(741) : information WIX0023: [Converted] Using '*' for the Component Guid attribute is unnecessary. Remove the attribute to remove the redundancy. (AutoGuidUnnecessary)
[12/23/2022 10:04:21.807]: C:\Code\github\ErpNet.FP\ErpNet.FP.Setup\ProductInstallFiles.wxs(744) : information WIX0023: [Converted] Using '*' for the Component Guid attribute is unnecessary. Remove the attribute to remove the redundancy. (AutoGuidUnnecessary)
[12/23/2022 10:04:21.807]: C:\Code\github\ErpNet.FP\ErpNet.FP.Setup\ProductInstallFiles.wxs(747) : information WIX0023: [Converted] Using '*' for the Component Guid attribute is unnecessary. Remove the attribute to remove the redundancy. (AutoGuidUnnecessary)
[12/23/2022 10:04:21.807]: C:\Code\github\ErpNet.FP\ErpNet.FP.Setup\ProductInstallFiles.wxs(750) : information WIX0023: [Converted] Using '*' for the Component Guid attribute is unnecessary. Remove the attribute to remove the redundancy. (AutoGuidUnnecessary)
[12/23/2022 10:04:21.807]: C:\Code\github\ErpNet.FP\ErpNet.FP.Setup\ProductInstallFiles.wxs(753) : information WIX0023: [Converted] Using '*' for the Component Guid attribute is unnecessary. Remove the attribute to remove the redundancy. (AutoGuidUnnecessary)
[12/23/2022 10:04:21.807]: C:\Code\github\ErpNet.FP\ErpNet.FP.Setup\ProductInstallFiles.wxs(756) : information WIX0023: [Converted] Using '*' for the Component Guid attribute is unnecessary. Remove the attribute to remove the redundancy. (AutoGuidUnnecessary)
[12/23/2022 10:04:21.807]: C:\Code\github\ErpNet.FP\ErpNet.FP.Setup\ProductInstallFiles.wxs(759) : information WIX0023: [Converted] Using '*' for the Component Guid attribute is unnecessary. Remove the attribute to remove the redundancy. (AutoGuidUnnecessary)
[12/23/2022 10:04:21.807]: C:\Code\github\ErpNet.FP\ErpNet.FP.Setup\ProductInstallFiles.wxs(762) : information WIX0023: [Converted] Using '*' for the Component Guid attribute is unnecessary. Remove the attribute to remove the redundancy. (AutoGuidUnnecessary)
[12/23/2022 10:04:21.807]: C:\Code\github\ErpNet.FP\ErpNet.FP.Setup\ProductInstallFiles.wxs(765) : information WIX0023: [Converted] Using '*' for the Component Guid attribute is unnecessary. Remove the attribute to remove the redundancy. (AutoGuidUnnecessary)
[12/23/2022 10:04:21.807]: C:\Code\github\ErpNet.FP\ErpNet.FP.Setup\ProductInstallFiles.wxs(768) : information WIX0023: [Converted] Using '*' for the Component Guid attribute is unnecessary. Remove the attribute to remove the redundancy. (AutoGuidUnnecessary)
[12/23/2022 10:04:21.807]: C:\Code\github\ErpNet.FP\ErpNet.FP.Setup\ProductInstallFiles.wxs(771) : information WIX0023: [Converted] Using '*' for the Component Guid attribute is unnecessary. Remove the attribute to remove the redundancy. (AutoGuidUnnecessary)
[12/23/2022 10:04:21.807]: C:\Code\github\ErpNet.FP\ErpNet.FP.Setup\ProductInstallFiles.wxs(774) : information WIX0023: [Converted] Using '*' for the Component Guid attribute is unnecessary. Remove the attribute to remove the redundancy. (AutoGuidUnnecessary)
[12/23/2022 10:04:21.807]: C:\Code\github\ErpNet.FP\ErpNet.FP.Setup\ProductInstallFiles.wxs(777) : information WIX0023: [Converted] Using '*' for the Component Guid attribute is unnecessary. Remove the attribute to remove the redundancy. (AutoGuidUnnecessary)
[12/23/2022 10:04:21.807]: C:\Code\github\ErpNet.FP\ErpNet.FP.Setup\ProductInstallFiles.wxs(780) : information WIX0023: [Converted] Using '*' for the Component Guid attribute is unnecessary. Remove the attribute to remove the redundancy. (AutoGuidUnnecessary)
[12/23/2022 10:04:21.807]: C:\Code\github\ErpNet.FP\ErpNet.FP.Setup\ProductInstallFiles.wxs(783) : information WIX0023: [Converted] Using '*' for the Component Guid attribute is unnecessary. Remove the attribute to remove the redundancy. (AutoGuidUnnecessary)
[12/23/2022 10:04:21.807]: C:\Code\github\ErpNet.FP\ErpNet.FP.Setup\ProductInstallFiles.wxs(786) : information WIX0023: [Converted] Using '*' for the Component Guid attribute is unnecessary. Remove the attribute to remove the redundancy. (AutoGuidUnnecessary)
[12/23/2022 10:04:21.807]: C:\Code\github\ErpNet.FP\ErpNet.FP.Setup\ProductInstallFiles.wxs(789) : information WIX0023: [Converted] Using '*' for the Component Guid attribute is unnecessary. Remove the attribute to remove the redundancy. (AutoGuidUnnecessary)
[12/23/2022 10:04:21.807]: C:\Code\github\ErpNet.FP\ErpNet.FP.Setup\ProductInstallFiles.wxs(792) : information WIX0023: [Converted] Using '*' for the Component Guid attribute is unnecessary. Remove the attribute to remove the redundancy. (AutoGuidUnnecessary)
[12/23/2022 10:04:21.807]: C:\Code\github\ErpNet.FP\ErpNet.FP.Setup\ProductInstallFiles.wxs(795) : information WIX0023: [Converted] Using '*' for the Component Guid attribute is unnecessary. Remove the attribute to remove the redundancy. (AutoGuidUnnecessary)
[12/23/2022 10:04:21.807]: C:\Code\github\ErpNet.FP\ErpNet.FP.Setup\ProductInstallFiles.wxs(798) : information WIX0023: [Converted] Using '*' for the Component Guid attribute is unnecessary. Remove the attribute to remove the redundancy. (AutoGuidUnnecessary)
[12/23/2022 10:04:21.807]: C:\Code\github\ErpNet.FP\ErpNet.FP.Setup\ProductInstallFiles.wxs(801) : information WIX0023: [Converted] Using '*' for the Component Guid attribute is unnecessary. Remove the attribute to remove the redundancy. (AutoGuidUnnecessary)
[12/23/2022 10:04:21.807]: C:\Code\github\ErpNet.FP\ErpNet.FP.Setup\ProductInstallFiles.wxs(804) : information WIX0023: [Converted] Using '*' for the Component Guid attribute is unnecessary. Remove the attribute to remove the redundancy. (AutoGuidUnnecessary)
[12/23/2022 10:04:21.807]: C:\Code\github\ErpNet.FP\ErpNet.FP.Setup\ProductInstallFiles.wxs(807) : information WIX0023: [Converted] Using '*' for the Component Guid attribute is unnecessary. Remove the attribute to remove the redundancy. (AutoGuidUnnecessary)
[12/23/2022 10:04:21.807]: C:\Code\github\ErpNet.FP\ErpNet.FP.Setup\ProductInstallFiles.wxs(810) : information WIX0023: [Converted] Using '*' for the Component Guid attribute is unnecessary. Remove the attribute to remove the redundancy. (AutoGuidUnnecessary)
[12/23/2022 10:04:21.807]: C:\Code\github\ErpNet.FP\ErpNet.FP.Setup\ProductInstallFiles.wxs(813) : information WIX0023: [Converted] Using '*' for the Component Guid attribute is unnecessary. Remove the attribute to remove the redundancy. (AutoGuidUnnecessary)
[12/23/2022 10:04:21.807]: C:\Code\github\ErpNet.FP\ErpNet.FP.Setup\ProductInstallFiles.wxs(816) : information WIX0023: [Converted] Using '*' for the Component Guid attribute is unnecessary. Remove the attribute to remove the redundancy. (AutoGuidUnnecessary)
[12/23/2022 10:04:21.807]: C:\Code\github\ErpNet.FP\ErpNet.FP.Setup\ProductInstallFiles.wxs(819) : information WIX0023: [Converted] Using '*' for the Component Guid attribute is unnecessary. Remove the attribute to remove the redundancy. (AutoGuidUnnecessary)
[12/23/2022 10:04:21.807]: C:\Code\github\ErpNet.FP\ErpNet.FP.Setup\ProductInstallFiles.wxs(822) : information WIX0023: [Converted] Using '*' for the Component Guid attribute is unnecessary. Remove the attribute to remove the redundancy. (AutoGuidUnnecessary)
[12/23/2022 10:04:21.807]: C:\Code\github\ErpNet.FP\ErpNet.FP.Setup\ProductInstallFiles.wxs(825) : information WIX0023: [Converted] Using '*' for the Component Guid attribute is unnecessary. Remove the attribute to remove the redundancy. (AutoGuidUnnecessary)
[12/23/2022 10:04:21.807]: C:\Code\github\ErpNet.FP\ErpNet.FP.Setup\ProductInstallFiles.wxs(828) : information WIX0023: [Converted] Using '*' for the Component Guid attribute is unnecessary. Remove the attribute to remove the redundancy. (AutoGuidUnnecessary)
[12/23/2022 10:04:21.807]: C:\Code\github\ErpNet.FP\ErpNet.FP.Setup\ProductInstallFiles.wxs(831) : information WIX0023: [Converted] Using '*' for the Component Guid attribute is unnecessary. Remove the attribute to remove the redundancy. (AutoGuidUnnecessary)
[12/23/2022 10:04:21.807]: C:\Code\github\ErpNet.FP\ErpNet.FP.Setup\ProductInstallFiles.wxs(834) : information WIX0023: [Converted] Using '*' for the Component Guid attribute is unnecessary. Remove the attribute to remove the redundancy. (AutoGuidUnnecessary)
[12/23/2022 10:04:21.808]: C:\Code\github\ErpNet.FP\ErpNet.FP.Setup\ProductInstallFiles.wxs(837) : information WIX0023: [Converted] Using '*' for the Component Guid attribute is unnecessary. Remove the attribute to remove the redundancy. (AutoGuidUnnecessary)
[12/23/2022 10:04:21.808]: C:\Code\github\ErpNet.FP\ErpNet.FP.Setup\ProductInstallFiles.wxs(840) : information WIX0023: [Converted] Using '*' for the Component Guid attribute is unnecessary. Remove the attribute to remove the redundancy. (AutoGuidUnnecessary)
[12/23/2022 10:04:21.808]: C:\Code\github\ErpNet.FP\ErpNet.FP.Setup\ProductInstallFiles.wxs(843) : information WIX0023: [Converted] Using '*' for the Component Guid attribute is unnecessary. Remove the attribute to remove the redundancy. (AutoGuidUnnecessary)
[12/23/2022 10:04:21.808]: C:\Code\github\ErpNet.FP\ErpNet.FP.Setup\ProductInstallFiles.wxs(846) : information WIX0023: [Converted] Using '*' for the Component Guid attribute is unnecessary. Remove the attribute to remove the redundancy. (AutoGuidUnnecessary)
[12/23/2022 10:04:21.808]: C:\Code\github\ErpNet.FP\ErpNet.FP.Setup\ProductInstallFiles.wxs(849) : information WIX0023: [Converted] Using '*' for the Component Guid attribute is unnecessary. Remove the attribute to remove the redundancy. (AutoGuidUnnecessary)
[12/23/2022 10:04:21.808]: C:\Code\github\ErpNet.FP\ErpNet.FP.Setup\ProductInstallFiles.wxs(852) : information WIX0023: [Converted] Using '*' for the Component Guid attribute is unnecessary. Remove the attribute to remove the redundancy. (AutoGuidUnnecessary)
[12/23/2022 10:04:21.808]: C:\Code\github\ErpNet.FP\ErpNet.FP.Setup\ProductInstallFiles.wxs(855) : information WIX0023: [Converted] Using '*' for the Component Guid attribute is unnecessary. Remove the attribute to remove the redundancy. (AutoGuidUnnecessary)
[12/23/2022 10:04:21.808]: C:\Code\github\ErpNet.FP\ErpNet.FP.Setup\ProductInstallFiles.wxs(858) : information WIX0023: [Converted] Using '*' for the Component Guid attribute is unnecessary. Remove the attribute to remove the redundancy. (AutoGuidUnnecessary)
[12/23/2022 10:04:21.808]: C:\Code\github\ErpNet.FP\ErpNet.FP.Setup\ProductInstallFiles.wxs(861) : information WIX0023: [Converted] Using '*' for the Component Guid attribute is unnecessary. Remove the attribute to remove the redundancy. (AutoGuidUnnecessary)
[12/23/2022 10:04:21.808]: C:\Code\github\ErpNet.FP\ErpNet.FP.Setup\ProductInstallFiles.wxs(864) : information WIX0023: [Converted] Using '*' for the Component Guid attribute is unnecessary. Remove the attribute to remove the redundancy. (AutoGuidUnnecessary)
[12/23/2022 10:04:21.808]: C:\Code\github\ErpNet.FP\ErpNet.FP.Setup\ProductInstallFiles.wxs(867) : information WIX0023: [Converted] Using '*' for the Component Guid attribute is unnecessary. Remove the attribute to remove the redundancy. (AutoGuidUnnecessary)
[12/23/2022 10:04:21.808]: C:\Code\github\ErpNet.FP\ErpNet.FP.Setup\ProductInstallFiles.wxs(870) : information WIX0023: [Converted] Using '*' for the Component Guid attribute is unnecessary. Remove the attribute to remove the redundancy. (AutoGuidUnnecessary)
[12/23/2022 10:04:21.808]: C:\Code\github\ErpNet.FP\ErpNet.FP.Setup\ProductInstallFiles.wxs(873) : information WIX0023: [Converted] Using '*' for the Component Guid attribute is unnecessary. Remove the attribute to remove the redundancy. (AutoGuidUnnecessary)
[12/23/2022 10:04:21.808]: C:\Code\github\ErpNet.FP\ErpNet.FP.Setup\ProductInstallFiles.wxs(876) : information WIX0023: [Converted] Using '*' for the Component Guid attribute is unnecessary. Remove the attribute to remove the redundancy. (AutoGuidUnnecessary)
[12/23/2022 10:04:21.808]: C:\Code\github\ErpNet.FP\ErpNet.FP.Setup\ProductInstallFiles.wxs(879) : information WIX0023: [Converted] Using '*' for the Component Guid attribute is unnecessary. Remove the attribute to remove the redundancy. (AutoGuidUnnecessary)
[12/23/2022 10:04:21.808]: ---- Project ErpNet.FP.Setup: Converted 2 files.
[12/23/2022 10:04:21.808]: ---- Total time: 01.083
[12/23/2022 10:04:21.808]: ========== Import complete:  0 errors, 2 warnings
